I, [2020-11-18T17:19:01.177522 #40307]  INFO -- Kitchen: -----> Starting Test Kitchen (v2.7.2)
I, [2020-11-18T17:19:01.461351 #40307]  INFO -- Kitchen: -----> Creating <default-debian>...
I, [2020-11-18T17:19:03.187539 #40307]  INFO -- Kitchen: Sending build context to Docker daemon   27.5MB
I, [2020-11-18T17:19:03.203703 #40307]  INFO -- Kitchen: Step 1/18 : FROM debian
I, [2020-11-18T17:19:03.203823 #40307]  INFO -- Kitchen:  ---> ae8514941ea4
I, [2020-11-18T17:19:03.203883 #40307]  INFO -- Kitchen: Step 2/18 : RUN [ ! -f "/sbin/initctl" ] || dpkg-divert --local --rename --add /sbin/initctl && ln -sf /bin/true /sbin/initctl
I, [2020-11-18T17:19:03.204206 #40307]  INFO -- Kitchen:  ---> Using cache
I, [2020-11-18T17:19:03.204288 #40307]  INFO -- Kitchen:  ---> a5e848595996
I, [2020-11-18T17:19:03.204341 #40307]  INFO -- Kitchen: Step 3/18 : ENV DEBIAN_FRONTEND noninteractive
I, [2020-11-18T17:19:03.205470 #40307]  INFO -- Kitchen:  ---> Using cache
I, [2020-11-18T17:19:03.205565 #40307]  INFO -- Kitchen:  ---> 8b7689e9a4d9
I, [2020-11-18T17:19:03.205626 #40307]  INFO -- Kitchen: Step 4/18 : ENV container docker
I, [2020-11-18T17:19:03.205801 #40307]  INFO -- Kitchen:  ---> Using cache
I, [2020-11-18T17:19:03.205862 #40307]  INFO -- Kitchen:  ---> 41bdc4a7bccf
I, [2020-11-18T17:19:03.205923 #40307]  INFO -- Kitchen: Step 5/18 : RUN apt-get update
I, [2020-11-18T17:19:03.208524 #40307]  INFO -- Kitchen:  ---> Using cache
I, [2020-11-18T17:19:03.208605 #40307]  INFO -- Kitchen:  ---> cc34646ee30f
I, [2020-11-18T17:19:03.208647 #40307]  INFO -- Kitchen: Step 6/18 : RUN apt-get install -y sudo openssh-server curl lsb-release
I, [2020-11-18T17:19:03.210911 #40307]  INFO -- Kitchen:  ---> Using cache
I, [2020-11-18T17:19:03.211239 #40307]  INFO -- Kitchen:  ---> 7eb7eac3ed98
I, [2020-11-18T17:19:03.211662 #40307]  INFO -- Kitchen: Step 7/18 : RUN if ! getent passwd kitchen; then                   useradd -d /home/kitchen -m -s /bin/bash -p '*' kitchen;                 fi
I, [2020-11-18T17:19:03.212753 #40307]  INFO -- Kitchen:  ---> Using cache
I, [2020-11-18T17:19:03.212802 #40307]  INFO -- Kitchen:  ---> 4814eb05d809
I, [2020-11-18T17:19:03.212830 #40307]  INFO -- Kitchen: Step 8/18 : RUN echo "kitchen ALL=(ALL) NOPASSWD: ALL" >> /etc/sudoers
I, [2020-11-18T17:19:03.213621 #40307]  INFO -- Kitchen:  ---> Using cache
I, [2020-11-18T17:19:03.213667 #40307]  INFO -- Kitchen:  ---> 4c558b09e728
I, [2020-11-18T17:19:03.213698 #40307]  INFO -- Kitchen: Step 9/18 : RUN echo "Defaults !requiretty" >> /etc/sudoers
I, [2020-11-18T17:19:03.214358 #40307]  INFO -- Kitchen:  ---> Using cache
I, [2020-11-18T17:19:03.214409 #40307]  INFO -- Kitchen:  ---> eb1f3c8bab8b
I, [2020-11-18T17:19:03.214465 #40307]  INFO -- Kitchen: Step 10/18 : RUN mkdir -p /home/kitchen/.ssh
I, [2020-11-18T17:19:03.214621 #40307]  INFO -- Kitchen:  ---> Using cache
I, [2020-11-18T17:19:03.214765 #40307]  INFO -- Kitchen:  ---> 8de5c3617f1f
I, [2020-11-18T17:19:03.214841 #40307]  INFO -- Kitchen: Step 11/18 : RUN chown -R kitchen /home/kitchen/.ssh
I, [2020-11-18T17:19:03.215605 #40307]  INFO -- Kitchen:  ---> Using cache
I, [2020-11-18T17:19:03.215660 #40307]  INFO -- Kitchen:  ---> e785edff20c5
I, [2020-11-18T17:19:03.215696 #40307]  INFO -- Kitchen: Step 12/18 : RUN chmod 0700 /home/kitchen/.ssh
I, [2020-11-18T17:19:03.216429 #40307]  INFO -- Kitchen:  ---> Using cache
I, [2020-11-18T17:19:03.216492 #40307]  INFO -- Kitchen:  ---> 2c96da3b660b
I, [2020-11-18T17:19:03.216529 #40307]  INFO -- Kitchen: Step 13/18 : RUN touch /home/kitchen/.ssh/authorized_keys
I, [2020-11-18T17:19:03.217557 #40307]  INFO -- Kitchen:  ---> Using cache
I, [2020-11-18T17:19:03.217627 #40307]  INFO -- Kitchen:  ---> 5ccc27249d03
I, [2020-11-18T17:19:03.217685 #40307]  INFO -- Kitchen: Step 14/18 : RUN chown kitchen /home/kitchen/.ssh/authorized_keys
I, [2020-11-18T17:19:03.218457 #40307]  INFO -- Kitchen:  ---> Using cache
I, [2020-11-18T17:19:03.218512 #40307]  INFO -- Kitchen:  ---> fdc2bf26e617
I, [2020-11-18T17:19:03.218589 #40307]  INFO -- Kitchen: Step 15/18 : RUN chmod 0600 /home/kitchen/.ssh/authorized_keys
I, [2020-11-18T17:19:03.219316 #40307]  INFO -- Kitchen:  ---> Using cache
I, [2020-11-18T17:19:03.219370 #40307]  INFO -- Kitchen:  ---> 5ecc972824a9
I, [2020-11-18T17:19:03.219400 #40307]  INFO -- Kitchen: Step 16/18 : RUN mkdir -p /run/sshd
I, [2020-11-18T17:19:03.220004 #40307]  INFO -- Kitchen:  ---> Using cache
I, [2020-11-18T17:19:03.220054 #40307]  INFO -- Kitchen:  ---> 4b4595e2ae6d
I, [2020-11-18T17:19:03.220086 #40307]  INFO -- Kitchen: Step 17/18 : RUN mkdir -p /run/sshd
I, [2020-11-18T17:19:03.451619 #40307]  INFO -- Kitchen:  ---> Running in 2ad576d5d2c9
I, [2020-11-18T17:19:04.016477 #40307]  INFO -- Kitchen: Removing intermediate container 2ad576d5d2c9
I, [2020-11-18T17:19:04.016593 #40307]  INFO -- Kitchen:  ---> 244d0b314d9a
I, [2020-11-18T17:19:04.016655 #40307]  INFO -- Kitchen: Step 18/18 : RUN echo ssh-rsa\ AAAAB3NzaC1yc2EAAAADAQABAAABAQDuJs1tA6udVhbI7pGQL4dneRwX0Me8oF/g/4s2wTfhv9tBJhVi9Qf6fDpSoQ6ULu7cYSHi9ztsXbfEL8EzInUUCnPMkKzk9K2r0H9VXM31ruzc3x7LLMRTFaR6SVuDPEbQLoBGNtNSq3bwGzTdnJmtnq7GTcBzlIsQLvMOCvghOetAtWbboRvmbHagvS6Rzivr2xfTdp0l5a3kvNPXN8VIu3DF3umumXDynUalawWmqScYUaVzyloBA0tDbOncGwR9c5\+mV/5RIJFIrrbV64jaoyMvfn6W5ax1u\+/0//EA8v4FM0AQieD7Wt8eRqL6oXd\+/6XoS8KOMQah1Et9DNzD\ kitchen_docker_key >> /home/kitchen/.ssh/authorized_keys
I, [2020-11-18T17:19:04.045856 #40307]  INFO -- Kitchen:  ---> Running in 29cffbc9ba82
I, [2020-11-18T17:19:04.612418 #40307]  INFO -- Kitchen: Removing intermediate container 29cffbc9ba82
I, [2020-11-18T17:19:04.612481 #40307]  INFO -- Kitchen:  ---> e978fee84fde
I, [2020-11-18T17:19:04.721763 #40307]  INFO -- Kitchen: Successfully built e978fee84fde
I, [2020-11-18T17:19:04.836476 #40307]  INFO -- Kitchen: f7a8e83b39c60520019b62bbbba9fbb27b312ea353889f050037fb98137acd5d
I, [2020-11-18T17:19:05.279150 #40307]  INFO -- Kitchen: 0.0.0.0:49156
